2021-11-20 15:30:32,833:INFO:PyCaret Supervised Module
2021-11-20 15:30:32,833:INFO:ML Usecase: anomaly
2021-11-20 15:30:32,833:INFO:version 2.3.4
2021-11-20 15:30:32,834:INFO:Initializing setup()
2021-11-20 15:30:32,834:INFO:setup(target=None, ml_usecase=anomaly, available_plots={'tsne': 'Anomaly TSnE (3d)', 'umap': 'UMAP Dimensionality'}, train_size=0.7, test_data=None, preprocess=True, imputation_type=simple, iterative_imputation_iters=5, categorical_features=None, categorical_imputation=mode, categorical_iterative_imputer=lightgbm, ordinal_features=None, high_cardinality_features=None, high_cardinality_method=frequency, numeric_features=None, numeric_imputation=mean, numeric_iterative_imputer=lightgbm, date_features=None, ignore_features=None, normalize=False, normalize_method=zscore, transformation=False, transformation_method=yeo-johnson, handle_unknown_categorical=True, unknown_categorical_method=least_frequent, pca=False, pca_method=linear, pca_components=None, ignore_low_variance=False, combine_rare_levels=False, rare_level_threshold=0.1, bin_numeric_features=None, remove_outliers=False, outliers_threshold=0.05, remove_multicollinearity=False, multicollinearity_threshold=0.9, remove_perfect_collinearity=False, create_clusters=False, cluster_iter=20, polynomial_features=False, polynomial_degree=2, trigonometry_features=False, polynomial_threshold=0.1, group_features=None, group_names=None, feature_selection=False, feature_selection_threshold=0.8, feature_selection_method=classic, feature_interaction=False, feature_ratio=False, interaction_threshold=0.01, fix_imbalance=False, fix_imbalance_method=None, transform_target=False, transform_target_method=box-cox, data_split_shuffle=False, data_split_stratify=False, fold_strategy=kfold, fold=10, fold_shuffle=False, fold_groups=None, n_jobs=-1, use_gpu=False, custom_pipeline=None, html=True, session_id=123, log_experiment=False, experiment_name=None, log_plots=False, log_profile=False, log_data=False, silent=False, verbose=True, profile=False, profile_kwargs=None, display=None)
2021-11-20 15:30:32,835:INFO:Checking environment
2021-11-20 15:30:32,835:INFO:python_version: 3.8.5
2021-11-20 15:30:32,835:INFO:python_build: ('default', 'Sep  3 2020 21:29:08')
2021-11-20 15:30:32,835:INFO:machine: AMD64
2021-11-20 15:30:32,835:INFO:platform: Windows-10-10.0.19041-SP0
2021-11-20 15:30:32,835:INFO:Memory: svmem(total=17036550144, available=4906418176, percent=71.2, used=12130131968, free=4906418176)
2021-11-20 15:30:32,835:INFO:Physical Core: 6
2021-11-20 15:30:32,835:INFO:Logical Core: 12
2021-11-20 15:30:32,835:INFO:Checking libraries
2021-11-20 15:30:32,835:INFO:pd==1.3.4
2021-11-20 15:30:32,835:INFO:numpy==1.19.5
2021-11-20 15:30:32,835:INFO:sklearn==0.23.2
2021-11-20 15:30:32,835:INFO:lightgbm==3.3.0
2021-11-20 15:30:32,867:INFO:catboost==1.0.0
2021-11-20 15:30:32,886:INFO:xgboost==1.5.0
2021-11-20 15:30:33,206:INFO:mlflow==1.21.0
2021-11-20 15:30:33,206:INFO:Checking Exceptions
2021-11-20 15:30:33,207:INFO:Declaring global variables
2021-11-20 15:30:33,207:INFO:USI: adba
2021-11-20 15:30:33,207:INFO:pycaret_globals: {'n_jobs_param', 'fix_imbalance_method_param', 'exp_name_log', 'data_before_preprocess', 'transform_target_method_param', 'imputation_regressor', 'pycaret_globals', 'display_container', 'gpu_param', 'fold_shuffle_param', 'html_param', '_all_models_internal', '_available_plots', 'transform_target_param', 'target_param', '_all_metrics', 'master_model_container', 'prep_pipe', 'stratify_param', 'seed', 'fold_generator', 'fix_imbalance_param', 'imputation_classifier', 'experiment__', 'X', 'logging_param', '_all_models', 'log_plots_param', '_internal_pipeline', 'iterative_imputation_iters_param', 'fold_param', '_ml_usecase', 'create_model_container', 'fold_groups_param_full', '_gpu_n_jobs_param', 'fold_groups_param', 'USI'}
2021-11-20 15:30:33,207:INFO:Preparing display monitor
2021-11-20 15:30:33,207:INFO:Preparing display monitor
2021-11-20 15:30:33,216:INFO:Importing libraries
2021-11-20 15:30:33,216:INFO:Copying data for preprocessing
2021-11-20 15:30:33,222:INFO:Declaring preprocessing parameters
2021-11-20 15:30:33,223:INFO:Creating preprocessing pipeline
2021-11-20 15:30:33,226:INFO:Preprocessing pipeline created successfully
2021-11-20 15:30:33,226:ERROR:(Process Exit): setup has been interupted with user command 'quit'. setup must rerun.
2021-11-20 15:30:33,227:INFO:Creating global containers
2021-11-20 15:30:33,227:INFO:Internal pipeline: Pipeline(memory=None, steps=[('empty_step', 'passthrough')], verbose=False)
2021-11-20 15:30:34,855:INFO:Creating grid variables
2021-11-20 15:30:34,864:INFO:create_model_container: 0
2021-11-20 15:30:34,864:INFO:master_model_container: 0
2021-11-20 15:30:34,864:INFO:display_container: 1
2021-11-20 15:30:34,868:INFO:Pipeline(memory=None,
         steps=[('dtypes',
                 DataTypes_Auto_infer(categorical_features=[],
                                      display_types=True, features_todrop=[],
                                      id_columns=[], ml_usecase='regression',
                                      numerical_features=[],
                                      target='UNSUPERVISED_DUMMY_TARGET',
                                      time_features=[])),
                ('imputer',
                 Simple_Imputer(categorical_strategy='most frequent',
                                fill_value_categorical=None,
                                fill_value_numerical=None...
                ('scaling', 'passthrough'), ('P_transform', 'passthrough'),
                ('binn', 'passthrough'), ('rem_outliers', 'passthrough'),
                ('cluster_all', 'passthrough'),
                ('dummy', Dummify(target='UNSUPERVISED_DUMMY_TARGET')),
                ('fix_perfect', 'passthrough'),
                ('clean_names', Clean_Colum_Names()),
                ('feature_select', 'passthrough'), ('fix_multi', 'passthrough'),
                ('dfs', 'passthrough'), ('pca', 'passthrough')],
         verbose=False)
2021-11-20 15:30:34,868:INFO:setup() succesfully completed......................................
2021-11-20 15:30:46,646:INFO:Initializing create_model()
2021-11-20 15:30:46,646:INFO:create_model(estimator=iforest, num_clusters=4, fraction=0.01, ground_truth=None, round=4, fit_kwargs=None, verbose=True, system=True, add_to_model_list=True, raise_num_clusters=False, display=None, kwargs={})
2021-11-20 15:30:46,646:INFO:Checking exceptions
2021-11-20 15:30:46,647:INFO:Preparing display monitor
2021-11-20 15:30:46,657:INFO:Importing libraries
2021-11-20 15:30:46,663:INFO:Importing untrained model
2021-11-20 15:30:46,668:INFO:Isolation Forest Imported succesfully
2021-11-20 15:30:46,674:INFO:Fitting Model
2021-11-20 15:30:47,276:INFO:IForest(behaviour='new', bootstrap=False, contamination=0.01,
    max_features=1.0, max_samples='auto', n_estimators=100, n_jobs=-1,
    random_state=123, verbose=0)
2021-11-20 15:30:47,276:INFO:create_models() succesfully completed......................................
2021-11-20 15:30:47,276:INFO:Uploading results into container
2021-11-20 15:30:47,277:INFO:Uploading model into container now
2021-11-20 15:30:47,278:INFO:create_model_container: 1
2021-11-20 15:30:47,278:INFO:master_model_container: 1
2021-11-20 15:30:47,278:INFO:display_container: 2
2021-11-20 15:30:47,278:INFO:IForest(behaviour='new', bootstrap=False, contamination=0.01,
    max_features=1.0, max_samples='auto', n_estimators=100, n_jobs=-1,
    random_state=123, verbose=0)
2021-11-20 15:30:47,278:INFO:create_model() succesfully completed......................................
2021-11-20 15:30:47,380:INFO:Initializing assign_model()
2021-11-20 15:30:47,381:INFO:assign_model(model=IForest(behaviour='new', bootstrap=False, contamination=0.01,
    max_features=1.0, max_samples='auto', n_estimators=100, n_jobs=-1,
    random_state=123, verbose=0), transformation=False, score=True, verbose=True)
2021-11-20 15:30:47,381:INFO:Checking exceptions
2021-11-20 15:30:47,381:INFO:Determining Trained Model
2021-11-20 15:30:47,381:INFO:Trained Model : Isolation Forest
2021-11-20 15:30:47,381:INFO:Copying data
2021-11-20 15:30:47,381:INFO:(9975, 3)
2021-11-20 15:30:47,381:INFO:assign_model() succesfully completed......................................
2021-11-21 13:49:50,433:INFO:PyCaret Supervised Module
2021-11-21 13:49:50,434:INFO:ML Usecase: anomaly
2021-11-21 13:49:50,434:INFO:version 2.3.4
2021-11-21 13:49:50,434:INFO:Initializing setup()
2021-11-21 13:49:50,434:INFO:setup(target=None, ml_usecase=anomaly, available_plots={'tsne': 'Anomaly TSnE (3d)', 'umap': 'UMAP Dimensionality'}, train_size=0.7, test_data=None, preprocess=True, imputation_type=simple, iterative_imputation_iters=5, categorical_features=None, categorical_imputation=mode, categorical_iterative_imputer=lightgbm, ordinal_features=None, high_cardinality_features=None, high_cardinality_method=frequency, numeric_features=None, numeric_imputation=mean, numeric_iterative_imputer=lightgbm, date_features=None, ignore_features=None, normalize=False, normalize_method=zscore, transformation=False, transformation_method=yeo-johnson, handle_unknown_categorical=True, unknown_categorical_method=least_frequent, pca=False, pca_method=linear, pca_components=None, ignore_low_variance=False, combine_rare_levels=False, rare_level_threshold=0.1, bin_numeric_features=None, remove_outliers=False, outliers_threshold=0.05, remove_multicollinearity=False, multicollinearity_threshold=0.9, remove_perfect_collinearity=False, create_clusters=False, cluster_iter=20, polynomial_features=False, polynomial_degree=2, trigonometry_features=False, polynomial_threshold=0.1, group_features=None, group_names=None, feature_selection=False, feature_selection_threshold=0.8, feature_selection_method=classic, feature_interaction=False, feature_ratio=False, interaction_threshold=0.01, fix_imbalance=False, fix_imbalance_method=None, transform_target=False, transform_target_method=box-cox, data_split_shuffle=False, data_split_stratify=False, fold_strategy=kfold, fold=10, fold_shuffle=False, fold_groups=None, n_jobs=-1, use_gpu=False, custom_pipeline=None, html=True, session_id=123, log_experiment=False, experiment_name=None, log_plots=False, log_profile=False, log_data=False, silent=False, verbose=True, profile=False, profile_kwargs=None, display=None)
2021-11-21 13:49:50,435:INFO:Checking environment
2021-11-21 13:49:50,435:INFO:python_version: 3.8.5
2021-11-21 13:49:50,435:INFO:python_build: ('default', 'Sep  3 2020 21:29:08')
2021-11-21 13:49:50,435:INFO:machine: AMD64
2021-11-21 13:49:50,435:INFO:platform: Windows-10-10.0.19041-SP0
2021-11-21 13:49:50,435:INFO:Memory: svmem(total=17036550144, available=5942767616, percent=65.1, used=11093782528, free=5942767616)
2021-11-21 13:49:50,435:INFO:Physical Core: 6
2021-11-21 13:49:50,435:INFO:Logical Core: 12
2021-11-21 13:49:50,435:INFO:Checking libraries
2021-11-21 13:49:50,435:INFO:pd==1.3.4
2021-11-21 13:49:50,435:INFO:numpy==1.19.5
2021-11-21 13:49:50,435:INFO:sklearn==0.23.2
2021-11-21 13:49:50,435:INFO:lightgbm==3.3.0
2021-11-21 13:49:50,435:INFO:catboost==1.0.0
2021-11-21 13:49:50,435:INFO:xgboost==1.5.0
2021-11-21 13:49:50,435:INFO:mlflow==1.21.0
2021-11-21 13:49:50,435:INFO:Checking Exceptions
2021-11-21 13:49:50,435:INFO:Declaring global variables
2021-11-21 13:49:50,435:INFO:USI: 1880
2021-11-21 13:49:50,435:INFO:pycaret_globals: {'n_jobs_param', 'fix_imbalance_method_param', 'exp_name_log', 'data_before_preprocess', 'transform_target_method_param', 'imputation_regressor', 'pycaret_globals', 'display_container', 'gpu_param', 'fold_shuffle_param', 'html_param', '_all_models_internal', '_available_plots', 'transform_target_param', 'target_param', '_all_metrics', 'master_model_container', 'prep_pipe', 'stratify_param', 'seed', 'fold_generator', 'fix_imbalance_param', 'imputation_classifier', 'experiment__', 'X', 'logging_param', '_all_models', 'log_plots_param', '_internal_pipeline', 'iterative_imputation_iters_param', 'fold_param', '_ml_usecase', 'create_model_container', 'fold_groups_param_full', '_gpu_n_jobs_param', 'fold_groups_param', 'USI'}
2021-11-21 13:49:50,435:INFO:Preparing display monitor
2021-11-21 13:49:50,435:INFO:Preparing display monitor
2021-11-21 13:49:50,447:INFO:Importing libraries
2021-11-21 13:49:50,447:INFO:Copying data for preprocessing
2021-11-21 13:49:50,453:INFO:Declaring preprocessing parameters
2021-11-21 13:49:50,455:INFO:Creating preprocessing pipeline
2021-11-21 13:49:50,459:INFO:Preprocessing pipeline created successfully
2021-11-21 13:49:50,459:ERROR:(Process Exit): setup has been interupted with user command 'quit'. setup must rerun.
2021-11-21 13:49:50,459:INFO:Creating global containers
2021-11-21 13:49:50,459:INFO:Internal pipeline: Pipeline(memory=None, steps=[('empty_step', 'passthrough')], verbose=False)
2021-11-21 13:49:51,585:INFO:Creating grid variables
2021-11-21 13:49:51,602:INFO:create_model_container: 0
2021-11-21 13:49:51,602:INFO:master_model_container: 0
2021-11-21 13:49:51,602:INFO:display_container: 1
2021-11-21 13:49:51,606:INFO:Pipeline(memory=None,
         steps=[('dtypes',
                 DataTypes_Auto_infer(categorical_features=[],
                                      display_types=True, features_todrop=[],
                                      id_columns=[], ml_usecase='regression',
                                      numerical_features=[],
                                      target='UNSUPERVISED_DUMMY_TARGET',
                                      time_features=[])),
                ('imputer',
                 Simple_Imputer(categorical_strategy='most frequent',
                                fill_value_categorical=None,
                                fill_value_numerical=None...
                ('scaling', 'passthrough'), ('P_transform', 'passthrough'),
                ('binn', 'passthrough'), ('rem_outliers', 'passthrough'),
                ('cluster_all', 'passthrough'),
                ('dummy', Dummify(target='UNSUPERVISED_DUMMY_TARGET')),
                ('fix_perfect', 'passthrough'),
                ('clean_names', Clean_Colum_Names()),
                ('feature_select', 'passthrough'), ('fix_multi', 'passthrough'),
                ('dfs', 'passthrough'), ('pca', 'passthrough')],
         verbose=False)
2021-11-21 13:49:51,606:INFO:setup() succesfully completed......................................
2021-11-21 13:49:57,686:INFO:Initializing create_model()
2021-11-21 13:49:57,687:INFO:create_model(estimator=iforest, num_clusters=4, fraction=0.01, ground_truth=None, round=4, fit_kwargs=None, verbose=True, system=True, add_to_model_list=True, raise_num_clusters=False, display=None, kwargs={})
2021-11-21 13:49:57,687:INFO:Checking exceptions
2021-11-21 13:49:57,688:INFO:Preparing display monitor
2021-11-21 13:49:57,697:INFO:Importing libraries
2021-11-21 13:49:57,703:INFO:Importing untrained model
2021-11-21 13:49:57,709:INFO:Isolation Forest Imported succesfully
2021-11-21 13:49:57,716:INFO:Fitting Model
2021-11-21 13:49:58,129:INFO:IForest(behaviour='new', bootstrap=False, contamination=0.01,
    max_features=1.0, max_samples='auto', n_estimators=100, n_jobs=-1,
    random_state=123, verbose=0)
2021-11-21 13:49:58,129:INFO:create_models() succesfully completed......................................
2021-11-21 13:49:58,129:INFO:Uploading results into container
2021-11-21 13:49:58,129:INFO:Uploading model into container now
2021-11-21 13:49:58,130:INFO:create_model_container: 1
2021-11-21 13:49:58,130:INFO:master_model_container: 1
2021-11-21 13:49:58,130:INFO:display_container: 2
2021-11-21 13:49:58,131:INFO:IForest(behaviour='new', bootstrap=False, contamination=0.01,
    max_features=1.0, max_samples='auto', n_estimators=100, n_jobs=-1,
    random_state=123, verbose=0)
2021-11-21 13:49:58,131:INFO:create_model() succesfully completed......................................
2021-11-21 13:49:58,283:INFO:Initializing assign_model()
2021-11-21 13:49:58,283:INFO:assign_model(model=IForest(behaviour='new', bootstrap=False, contamination=0.01,
    max_features=1.0, max_samples='auto', n_estimators=100, n_jobs=-1,
    random_state=123, verbose=0), transformation=False, score=True, verbose=True)
2021-11-21 13:49:58,284:INFO:Checking exceptions
2021-11-21 13:49:58,284:INFO:Determining Trained Model
2021-11-21 13:49:58,284:INFO:Trained Model : Isolation Forest
2021-11-21 13:49:58,284:INFO:Copying data
2021-11-21 13:49:58,285:INFO:(3292, 3)
2021-11-21 13:49:58,285:INFO:assign_model() succesfully completed......................................
